  ANDROID_HOME=C:\\Microsoft\AndroidSDK\25
  ANT_HOME=C:\Program Files\Microsoft Visual Studio\2022\Community\Apps\apache-ant-1.9.3
  JAVA_HOME=C:\Program Files\Android\jdk\jdk-8.0.302.8-hotspot\jdk8u302-b08
  NDK_ROOT=C:\archive\android-ndk-r23b
  blocksort.c
  bzlib.c
  In file included from <built-in>:348:
<command line>(3,9): warning : '__ANDROID_API__' macro redefined [-Wmacro-redefined]
  #define __ANDROID_API__ 27
          ^
  <built-in>(341,9): note: previous definition is here
  #define __ANDROID_API__ __ANDROID_MIN_SDK_VERSION__
          ^
  In file included from <built-in>:348:
<command line>(3,9): warning : '__ANDROID_API__' macro redefined [-Wmacro-redefined]
  #define __ANDROID_API__ 27
          ^
  <built-in>(341,9): note: previous definition is here
  #define __ANDROID_API__ __ANDROID_MIN_SDK_VERSION__
          ^
  In file included from blocksort.c:22:
./bzlib_private.h(33,10): fatal error : 'bzlib.h' file not found
  #include "bzlib.h"
           ^~~~~~~~~
  1 warning and 1 error generated.
  In file included from bzlib.c:31:
./bzlib_private.h(33,10): fatal error : 'bzlib.h' file not found
  #include "bzlib.h"
           ^~~~~~~~~
  1 warning and 1 error generated.
  decompress.c
  huffman.c
  crctable.c
  In file included from <built-in>:348:
<command line>(3,9): warning : '__ANDROID_API__' macro redefined [-Wmacro-redefined]
  #define __ANDROID_API__ 27
          ^
  <built-in>(341,9): note: previous definition is here
  #define __ANDROID_API__ __ANDROID_MIN_SDK_VERSION__
          ^
  In file included from <built-in>:348:
<command line>(3,9): warning : '__ANDROID_API__' macro redefined [-Wmacro-redefined]
  #define __ANDROID_API__ 27
          ^
  <built-in>(341,9): note: previous definition is here
  #define __ANDROID_API__ __ANDROID_MIN_SDK_VERSION__
          ^
  In file included from <built-in>:348:
<command line>(3,9): warning : '__ANDROID_API__' macro redefined [-Wmacro-redefined]
  #define __ANDROID_API__ 27
          ^
  <built-in>(341,9): note: previous definition is here
  #define __ANDROID_API__ __ANDROID_MIN_SDK_VERSION__
          ^
  In file included from decompress.c:22:
./bzlib_private.h(33,10): fatal error : 'bzlib.h' file not found
  #include "bzlib.h"
           ^~~~~~~~~
  In file included from huffman.c:22:
./bzlib_private.h(33,10): fatal error : 'bzlib.h' file not found
  #include "bzlib.h"
           ^~~~~~~~~
  1 warning and 1 error generated.
  1 warning and 1 error generated.
  In file included from crctable.c:22:
./bzlib_private.h(33,10): fatal error : 'bzlib.h' file not found
  #include "bzlib.h"
           ^~~~~~~~~
  1 warning and 1 error generated.
  compress.c
  In file included from <built-in>:348:
<command line>(3,9): warning : '__ANDROID_API__' macro redefined [-Wmacro-redefined]
  #define __ANDROID_API__ 27
          ^
  <built-in>(341,9): note: previous definition is here
  #define __ANDROID_API__ __ANDROID_MIN_SDK_VERSION__
          ^
  In file included from compress.c:29:
./bzlib_private.h(33,10): fatal error : 'bzlib.h' file not found
  #include "bzlib.h"
           ^~~~~~~~~
  1 warning and 1 error generated.
  randtable.c
  In file included from <built-in>:348:
<command line>(3,9): warning : '__ANDROID_API__' macro redefined [-Wmacro-redefined]
  #define __ANDROID_API__ 27
          ^
  <built-in>(341,9): note: previous definition is here
  #define __ANDROID_API__ __ANDROID_MIN_SDK_VERSION__
          ^
  In file included from randtable.c:22:
./bzlib_private.h(33,10): fatal error : 'bzlib.h' file not found
  #include "bzlib.h"
           ^~~~~~~~~
  1 warning and 1 error generated.
